0 info it worked if it ends with ok
1 verbose cli [ '/Users/kai-lin/.nvm/versions/node/v7.7.1/bin/node',
1 verbose cli   '/Users/kai-lin/.nvm/versions/node/v7.7.1/bin/npm',
1 verbose cli   'run',
1 verbose cli   'build' ]
2 info using npm@4.1.2
3 info using node@v7.7.1
4 verbose stack Error: ENOENT: no such file or directory, open '/Users/kai-lin/專案/react-express/package.json'
5 verbose cwd /Users/kai-lin/專案/react-express
6 error Darwin 17.2.0
7 error argv "/Users/kai-lin/.nvm/versions/node/v7.7.1/bin/node" "/Users/kai-lin/.nvm/versions/node/v7.7.1/bin/npm" "run" "build"
8 error node v7.7.1
9 error npm  v4.1.2
10 error path /Users/kai-lin/專案/react-express/package.json
11 error code ENOENT
12 error errno -2
13 error syscall open
14 error enoent ENOENT: no such file or directory, open '/Users/kai-lin/專案/react-express/package.json'
15 error enoent ENOENT: no such file or directory, open '/Users/kai-lin/專案/react-express/package.json'
15 error enoent This is most likely not a problem with npm itself
15 error enoent and is related to npm not being able to find a file.
16 verbose exit [ -2, true ]
